North 5 took 17 damage from South 1 -> 211/228
North: 211/228 607810/607810 275216/275216 9056/9056 83213/83213
South: 339/339 1592/1592

South 2 took 5 damage from North 1 -> 1587/1592
South 1 took 3 damage from North 1 -> 336/339
North: 211/228 607810/607810 275216/275216 9056/9056 83213/83213
South: 336/339 1587/1592

South 2 applied Strong skill to South 2
North: 211/228 607810/607810 275216/275216 9056/9056 83213/83213
South: 336/339 1587/1592

South 2 took 0 damage from North 2 -> 1587/1592
North: 211/228 607810/607810 275216/275216 9056/9056 83213/83213
South: 336/339 1587/1592

South 1 applied Strong skill to South 2
North: 211/228 607810/607810 275216/275216 9056/9056 83213/83213
South: 336/339 1587/1592

South 2 took 8 damage from North 3 -> 1579/1592
North: 211/228 607810/607810 275216/275216 9056/9056 83213/83213
South: 336/339 1579/1592

South 2 applied Strong skill to South 1
North: 211/228 607810/607810 275216/275216 9056/9056 83213/83213
South: 336/339 1579/1592

South 1 took 162 damage from North 4 -> 174/339
North: 211/228 607810/607810 275216/275216 9056/9056 83213/83213
South: 174/339 1579/1592

North 1 took 59009 damage from South 1 -> 216207/275216
North: 211/228 607810/607810 216207/275216 9056/9056 83213/83213
South: 174/339 1579/1592

North 5 applied Strong skill to North 3
North: 211/228 607810/607810 216207/275216 9056/9056 83213/83213
South: 174/339 1579/1592

South 2 applied Strong skill to South 1
North: 211/228 607810/607810 216207/275216 9056/9056 83213/83213
South: 174/339 1579/1592

South 2 took 0 damage from North 1 -> 1579/1592
North: 211/228 607810/607810 216207/275216 9056/9056 83213/83213
South: 174/339 1579/1592

North 4 took 1025 damage from South 1 -> 82188/83213
North: 211/228 607810/607810 216207/275216 9056/9056 82188/83213
South: 174/339 1579/1592

South 2 took 2 damage from North 2 -> 1577/1592
South 1 took 6 damage from North 2 -> 168/339
North: 211/228 607810/607810 216207/275216 9056/9056 82188/83213
South: 168/339 1577/1592

South 2 applied Strong skill to South 2
North: 211/228 607810/607810 216207/275216 9056/9056 82188/83213
South: 168/339 1577/1592

North 3 applied Weak skill to North 4
North 4 recovered +16642 hp -> 83213/83213
North: 211/228 607810/607810 216207/275216 9056/9056 83213/83213
South: 168/339 1577/1592

South 1 applied Strong skill to South 2
North: 211/228 607810/607810 216207/275216 9056/9056 83213/83213
South: 168/339 1577/1592

South 2 took 40 damage from North 4 -> 1537/1592
North: 211/228 607810/607810 216207/275216 9056/9056 83213/83213
South: 168/339 1537/1592

North 2 took 0 damage from South 2 -> 9056/9056
North: 211/228 607810/607810 216207/275216 9056/9056 83213/83213
South: 168/339 1537/1592

South 1 took 12 damage from North 5 -> 156/339
South 2 took 0 damage from North 5 -> 1537/1592
North: 211/228 607810/607810 216207/275216 9056/9056 83213/83213
South: 156/339 1537/1592

South 1 applied Strong skill to South 1
North: 211/228 607810/607810 216207/275216 9056/9056 83213/83213
South: 156/339 1537/1592

South 2 took 4 damage from North 1 -> 1533/1592
South 1 took 2 damage from North 1 -> 154/339
North: 211/228 607810/607810 216207/275216 9056/9056 83213/83213
South: 154/339 1533/1592

South 2 applied Strong skill to South 1
North: 211/228 607810/607810 216207/275216 9056/9056 83213/83213
South: 154/339 1533/1592

South 1 took 5 damage from North 2 -> 149/339
South 2 took 1 damage from North 2 -> 1532/1592
North: 211/228 607810/607810 216207/275216 9056/9056 83213/83213
South: 149/339 1532/1592

North 4 took 1281 damage from South 1 -> 81932/83213
North: 211/228 607810/607810 216207/275216 9056/9056 81932/83213
South: 149/339 1532/1592

South 1 took 68 damage from North 3 -> 81/339
North: 211/228 607810/607810 216207/275216 9056/9056 81932/83213
South: 81/339 1532/1592

North 4 took 0 damage from South 2 -> 81932/83213
North 2 took 0 damage from South 2 -> 9056/9056
North: 211/228 607810/607810 216207/275216 9056/9056 81932/83213
South: 81/339 1532/1592

South 1 took 202 damage from North 4 -> 0/339
North: 211/228 607810/607810 216207/275216 9056/9056 81932/83213
South: 0/339 1532/1592

North 4 took 6649 damage from South 2 -> 75283/83213
North: 211/228 607810/607810 216207/275216 9056/9056 75283/83213
South: 0/339 1532/1592

South 2 took 0 damage from North 5 -> 1532/1592
North: 211/228 607810/607810 216207/275216 9056/9056 75283/83213
South: 0/339 1532/1592

South 2 applied Strong skill to South 2
North: 211/228 607810/607810 216207/275216 9056/9056 75283/83213
South: 0/339 1532/1592

South 2 took 2 damage from North 1 -> 1530/1592
North: 211/228 607810/607810 216207/275216 9056/9056 75283/83213
South: 0/339 1530/1592

North 4 took 16233 damage from South 2 -> 59050/83213
North 2 took 56437 damage from South 2 -> 0/9056
North: 211/228 607810/607810 216207/275216 0/9056 59050/83213
South: 0/339 1530/1592

South 2 took 8 damage from North 3 -> 1522/1592
North: 211/228 607810/607810 216207/275216 0/9056 59050/83213
South: 0/339 1522/1592

North 3 took 93483 damage from South 2 -> 514327/607810
North 5 took 152 damage from South 2 -> 59/228
North 1 took 143265 damage from South 2 -> 72942/275216
North: 59/228 514327/607810 72942/275216 0/9056 59050/83213
South: 0/339 1522/1592

South 2 took 0 damage from North 4 -> 1522/1592
North: 59/228 514327/607810 72942/275216 0/9056 59050/83213
South: 0/339 1522/1592

North 5 took 339 damage from South 2 -> 0/228
North: 0/228 514327/607810 72942/275216 0/9056 59050/83213
South: 0/339 1522/1592

South 2 took 3 damage from North 1 -> 1519/1592
North: 0/228 514327/607810 72942/275216 0/9056 59050/83213
South: 0/339 1519/1592

South 2 applied Strong skill to South 2
North: 0/228 514327/607810 72942/275216 0/9056 59050/83213
South: 0/339 1519/1592

North 3 applied Weak skill to North 1
North 1 recovered +55043 hp -> 127985/275216
North: 0/228 514327/607810 127985/275216 0/9056 59050/83213
South: 0/339 1519/1592

